Warnings in file C:\Users\royde\AlchitryProjects\1d_alu_checkoff\source\au_top.luc:
    Line 19, Column 6 : "seg" was never used
Starting Vivado...

****** Vivado v2020.2 (64-bit)
  **** SW Build 3064766 on Wed Nov 18 09:12:45 MST 2020
  **** IP Build 3064653 on Wed Nov 18 14:17:31 MST 2020
    ** Copyright 1986-2020 Xilinx, Inc. All Rights Reserved.

source {C:\Users\royde\AlchitryProjects\1d_alu_checkoff\work\project.tcl}
# set projDir "C:/Users/royde/AlchitryProjects/1d_alu_checkoff/work/vivado"
# set projName "1d_alu_checkoff"
# set topName top
# set device xc7a35tftg256-1
# if {[file exists "$projDir/$projName"]} { file delete -force "$projDir/$projName" }
# create_project $projName "$projDir/$projName" -part $device
# set_property design_mode RTL [get_filesets sources_1]
# set verilogSources [list "C:/Users/royde/AlchitryProjects/1d_alu_checkoff/work/verilog/au_top_0.v" "C:/Users/royde/AlchitryProjects/1d_alu_checkoff/work/verilog/multi_seven_seg_1.v" "C:/Users/royde/AlchitryProjects/1d_alu_checkoff/work/verilog/multi_dec_ctr_2.v" "C:/Users/royde/AlchitryProjects/1d_alu_checkoff/work/verilog/counter_3.v" "C:/Users/royde/AlchitryProjects/1d_alu_checkoff/work/verilog/button_conditioner_4.v" "C:/Users/royde/AlchitryProjects/1d_alu_checkoff/work/verilog/edge_detector_5.v" "C:/Users/royde/AlchitryProjects/1d_alu_checkoff/work/verilog/reset_conditioner_6.v" "C:/Users/royde/AlchitryProjects/1d_alu_checkoff/work/verilog/result_ROM_7.v" "C:/Users/royde/AlchitryProjects/1d_alu_checkoff/work/verilog/fsm_test_cases_8.v" "C:/Users/royde/AlchitryProjects/1d_alu_checkoff/work/verilog/answer_key_9.v" "C:/Users/royde/AlchitryProjects/1d_alu_checkoff/work/verilog/counter_10.v" "C:/Users/royde/AlchitryProjects/1d_alu_checkoff/work/verilog/seven_seg_11.v" "C:/Users/royde/AlchitryProjects/1d_alu_checkoff/work/verilog/decoder_12.v" "C:/Users/royde/AlchitryProjects/1d_alu_checkoff/work/verilog/decimal_counter_13.v" "C:/Users/royde/AlchitryProjects/1d_alu_checkoff/work/verilog/pipeline_14.v" "C:/Users/royde/AlchitryProjects/1d_alu_checkoff/work/verilog/alu_15.v" "C:/Users/royde/AlchitryProjects/1d_alu_checkoff/work/verilog/show_component_16.v" "C:/Users/royde/AlchitryProjects/1d_alu_checkoff/work/verilog/counter_17.v" "C:/Users/royde/AlchitryProjects/1d_alu_checkoff/work/verilog/adder_18.v" "C:/Users/royde/AlchitryProjects/1d_alu_checkoff/work/verilog/compare_19.v" "C:/Users/royde/AlchitryProjects/1d_alu_checkoff/work/verilog/boolean_20.v" "C:/Users/royde/AlchitryProjects/1d_alu_checkoff/work/verilog/shifter_21.v" ]
# import_files -fileset [get_filesets sources_1] -force -norecurse $verilogSources
# set xdcSources [list "C:/Users/royde/AlchitryProjects/1d_alu_checkoff/work/constraint/alchitry.xdc" "C:/Users/royde/AlchitryProjects/1d_alu_checkoff/work/constraint/io.xdc" "C:/Program\ Files/Alchitry/Alchitry\ Labs/library/components/au.xdc" ]
# read_xdc $xdcSources
# set_property STEPS.WRITE_BITSTREAM.ARGS.BIN_FILE true [get_runs impl_1]
# update_compile_order -fileset sources_1
# launch_runs -runs synth_1 -jobs 12

[Tue Mar 15 21:16:26 2022] Launched synth_1...
Run output will be captured here: C:/Users/royde/AlchitryProjects/1d_alu_checkoff/work/vivado/1d_alu_checkoff/1d_alu_checkoff.runs/synth_1/runme.log
# wait_on_run synth_1
[Tue Mar 15 21:16:26 2022] Waiting for synth_1 to finish...

*** Running vivado
    with args -log au_top_0.vds -m64 -product Vivado -mode batch -messageDb vivado.pb -notrace -source au_top_0.tcl



****** Vivado v2020.2 (64-bit)
  **** SW Build 3064766 on Wed Nov 18 09:12:45 MST 2020
  **** IP Build 3064653 on Wed Nov 18 14:17:31 MST 2020
    ** Copyright 1986-2020 Xilinx, Inc. All Rights Reserved.

source au_top_0.tcl -notrace
Command: synth_design -top au_top_0 -part xc7a35tftg256-1
Starting synth_design
Attempting to get a license for feature 'Synthesis' and/or device 'xc7a35t'
INFO: [Common 17-349] Got license for feature 'Synthesis' and/or device 'xc7a35t'
INFO: [Device 21-403] Loading part xc7a35tftg256-1
INFO: [Synth 8-7079] Multithreading enabled for synth_design using a maximum of 2 processes.
INFO: [Synth 8-7078] Launching helper process for spawning children vivado processes
INFO: [Synth 8-7075] Helper process launched with PID 5060
---------------------------------------------------------------------------------
Starting RTL Elaboration : Time (s): cpu = 00:00:04 ; elapsed = 00:00:04 . Memory (MB): peak = 999.348 ; gain = 0.000
---------------------------------------------------------------------------------
INFO: [Synth 8-6157] synthesizing module 'au_top_0' [C:/Users/royde/AlchitryProjects/1d_alu_checkoff/work/vivado/1d_alu_checkoff/1d_alu_checkoff.srcs/sources_1/imports/verilog/au_top_0.v:7]
INFO: [Synth 8-6157] synthesizing module 'button_conditioner_4' [C:/Users/royde/AlchitryProjects/1d_alu_checkoff/work/vivado/1d_alu_checkoff/1d_alu_checkoff.srcs/sources_1/imports/verilog/button_conditioner_4.v:13]
	Parameter CLK_FREQ bound to: 26'b10111110101111000010000000 
	Parameter MIN_DELAY bound to: 5'b10100 
	Parameter NUM_SYNC bound to: 2'b10 
INFO: [Synth 8-6157] synthesizing module 'pipeline_14' [C:/Users/royde/AlchitryProjects/1d_alu_checkoff/work/vivado/1d_alu_checkoff/1d_alu_checkoff.srcs/sources_1/imports/verilog/pipeline_14.v:11]
	Parameter DEPTH bound to: 2'b10 
INFO: [Synth 8-6155] done synthesizing module 'pipeline_14' (1#1) [C:/Users/royde/AlchitryProjects/1d_alu_checkoff/work/vivado/1d_alu_checkoff/1d_alu_checkoff.srcs/sources_1/imports/verilog/pipeline_14.v:11]
INFO: [Synth 8-6155] done synthesizing module 'button_conditioner_4' (2#1) [C:/Users/royde/AlchitryProjects/1d_alu_checkoff/work/vivado/1d_alu_checkoff/1d_alu_checkoff.srcs/sources_1/imports/verilog/button_conditioner_4.v:13]
INFO: [Synth 8-6157] synthesizing module 'edge_detector_5' [C:/Users/royde/AlchitryProjects/1d_alu_checkoff/work/vivado/1d_alu_checkoff/1d_alu_checkoff.srcs/sources_1/imports/verilog/edge_detector_5.v:12]
	Parameter RISE bound to: 1'b1 
	Parameter FALL bound to: 1'b0 
INFO: [Synth 8-6155] done synthesizing module 'edge_detector_5' (3#1) [C:/Users/royde/AlchitryProjects/1d_alu_checkoff/work/vivado/1d_alu_checkoff/1d_alu_checkoff.srcs/sources_1/imports/verilog/edge_detector_5.v:12]
INFO: [Synth 8-6157] synthesizing module 'multi_seven_seg_1' [C:/Users/royde/AlchitryProjects/1d_alu_checkoff/work/vivado/1d_alu_checkoff/1d_alu_checkoff.srcs/sources_1/imports/verilog/multi_seven_seg_1.v:12]
	Parameter DIGITS bound to: 3'b100 
	Parameter DIV bound to: 5'b10000 
	Parameter DIGIT_BITS bound to: 2'b10 
INFO: [Synth 8-6157] synthesizing module 'counter_10' [C:/Users/royde/AlchitryProjects/1d_alu_checkoff/work/vivado/1d_alu_checkoff/1d_alu_checkoff.srcs/sources_1/imports/verilog/counter_10.v:14]
	Parameter SIZE bound to: 2'b10 
	Parameter DIV bound to: 5'b10000 
	Parameter TOP bound to: 4'b0011 
	Parameter UP bound to: 1'b1 
	Parameter MAX_VALUE bound to: 20'b00111111111111111111 
INFO: [Synth 8-6155] done synthesizing module 'counter_10' (4#1) [C:/Users/royde/AlchitryProjects/1d_alu_checkoff/work/vivado/1d_alu_checkoff/1d_alu_checkoff.srcs/sources_1/imports/verilog/counter_10.v:14]
INFO: [Synth 8-6157] synthesizing module 'seven_seg_11' [C:/Users/royde/AlchitryProjects/1d_alu_checkoff/work/vivado/1d_alu_checkoff/1d_alu_checkoff.srcs/sources_1/imports/verilog/seven_seg_11.v:7]
INFO: [Synth 8-6155] done synthesizing module 'seven_seg_11' (5#1) [C:/Users/royde/AlchitryProjects/1d_alu_checkoff/work/vivado/1d_alu_checkoff/1d_alu_checkoff.srcs/sources_1/imports/verilog/seven_seg_11.v:7]
INFO: [Synth 8-6157] synthesizing module 'decoder_12' [C:/Users/royde/AlchitryProjects/1d_alu_checkoff/work/vivado/1d_alu_checkoff/1d_alu_checkoff.srcs/sources_1/imports/verilog/decoder_12.v:11]
	Parameter WIDTH bound to: 2'b10 
INFO: [Synth 8-6155] done synthesizing module 'decoder_12' (6#1) [C:/Users/royde/AlchitryProjects/1d_alu_checkoff/work/vivado/1d_alu_checkoff/1d_alu_checkoff.srcs/sources_1/imports/verilog/decoder_12.v:11]
INFO: [Synth 8-6155] done synthesizing module 'multi_seven_seg_1' (7#1) [C:/Users/royde/AlchitryProjects/1d_alu_checkoff/work/vivado/1d_alu_checkoff/1d_alu_checkoff.srcs/sources_1/imports/verilog/multi_seven_seg_1.v:12]
INFO: [Synth 8-6157] synthesizing module 'multi_dec_ctr_2' [C:/Users/royde/AlchitryProjects/1d_alu_checkoff/work/vivado/1d_alu_checkoff/1d_alu_checkoff.srcs/sources_1/imports/verilog/multi_dec_ctr_2.v:11]
	Parameter DIGITS bound to: 3'b100 
INFO: [Synth 8-6157] synthesizing module 'decimal_counter_13' [C:/Users/royde/AlchitryProjects/1d_alu_checkoff/work/vivado/1d_alu_checkoff/1d_alu_checkoff.srcs/sources_1/imports/verilog/decimal_counter_13.v:7]
INFO: [Synth 8-6155] done synthesizing module 'decimal_counter_13' (8#1) [C:/Users/royde/AlchitryProjects/1d_alu_checkoff/work/vivado/1d_alu_checkoff/1d_alu_checkoff.srcs/sources_1/imports/verilog/decimal_counter_13.v:7]
INFO: [Synth 8-6155] done synthesizing module 'multi_dec_ctr_2' (9#1) [C:/Users/royde/AlchitryProjects/1d_alu_checkoff/work/vivado/1d_alu_checkoff/1d_alu_checkoff.srcs/sources_1/imports/verilog/multi_dec_ctr_2.v:11]
INFO: [Synth 8-6157] synthesizing module 'counter_3' [C:/Users/royde/AlchitryProjects/1d_alu_checkoff/work/vivado/1d_alu_checkoff/1d_alu_checkoff.srcs/sources_1/imports/verilog/counter_3.v:14]
	Parameter SIZE bound to: 1'b1 
	Parameter DIV bound to: 5'b11000 
	Parameter TOP bound to: 1'b0 
	Parameter UP bound to: 1'b1 
	Parameter MAX_VALUE bound to: 25'b0111111111111111111111111 
INFO: [Synth 8-6155] done synthesizing module 'counter_3' (10#1) [C:/Users/royde/AlchitryProjects/1d_alu_checkoff/work/vivado/1d_alu_checkoff/1d_alu_checkoff.srcs/sources_1/imports/verilog/counter_3.v:14]
INFO: [Synth 8-6157] synthesizing module 'reset_conditioner_6' [C:/Users/royde/AlchitryProjects/1d_alu_checkoff/work/vivado/1d_alu_checkoff/1d_alu_checkoff.srcs/sources_1/imports/verilog/reset_conditioner_6.v:11]
	Parameter STAGES bound to: 3'b100 
INFO: [Synth 8-6155] done synthesizing module 'reset_conditioner_6' (11#1) [C:/Users/royde/AlchitryProjects/1d_alu_checkoff/work/vivado/1d_alu_checkoff/1d_alu_checkoff.srcs/sources_1/imports/verilog/reset_conditioner_6.v:11]
INFO: [Synth 8-6157] synthesizing module 'result_ROM_7' [C:/Users/royde/AlchitryProjects/1d_alu_checkoff/work/vivado/1d_alu_checkoff/1d_alu_checkoff.srcs/sources_1/imports/verilog/result_ROM_7.v:7]
	Parameter RESULT_ROM bound to: 20'b00001000010000100001 
INFO: [Synth 8-6155] done synthesizing module 'result_ROM_7' (12#1) [C:/Users/royde/AlchitryProjects/1d_alu_checkoff/work/vivado/1d_alu_checkoff/1d_alu_checkoff.srcs/sources_1/imports/verilog/result_ROM_7.v:7]
INFO: [Synth 8-6157] synthesizing module 'fsm_test_cases_8' [C:/Users/royde/AlchitryProjects/1d_alu_checkoff/work/vivado/1d_alu_checkoff/1d_alu_checkoff.srcs/sources_1/imports/verilog/fsm_test_cases_8.v:7]
	Parameter AMANUAL_fsmtest bound to: 4'b0000 
	Parameter BMANUAL_fsmtest bound to: 4'b0001 
	Parameter CASE1_fsmtest bound to: 4'b0010 
	Parameter CASE2_fsmtest bound to: 4'b0011 
	Parameter CASE3_fsmtest bound to: 4'b0100 
	Parameter CASE4_fsmtest bound to: 4'b0101 
	Parameter CASE5_fsmtest bound to: 4'b0110 
	Parameter CASE6_fsmtest bound to: 4'b0111 
	Parameter CASE7_fsmtest bound to: 4'b1000 
	Parameter CASE8_fsmtest bound to: 4'b1001 
	Parameter CASE9_fsmtest bound to: 4'b1010 
	Parameter SLOWCLOCK_SIZE bound to: 5'b11110 
	Parameter A1 bound to: 16'b0000000000000101 
	Parameter B1 bound to: 16'b0000000011001010 
	Parameter A2 bound to: 16'b0111111111111111 
	Parameter B2 bound to: 16'b0100000000000001 
	Parameter A3 bound to: 16'b1000000000000000 
	Parameter B3 bound to: 16'b1000000000000001 
	Parameter A4 bound to: 16'b0111000110101100 
	Parameter B4 bound to: 16'b0001110101100100 
	Parameter A5 bound to: 16'b1000010110100111 
	Parameter B5 bound to: 16'b0100101001000101 
	Parameter A6 bound to: 16'b0001000110110111 
	Parameter B6 bound to: 16'b0011001100010001 
	Parameter A7 bound to: 16'b0001000110110111 
	Parameter B7 bound to: 16'b0001000110110111 
	Parameter A8 bound to: 16'b0011001100010001 
	Parameter B8 bound to: 16'b0001000110110111 
INFO: [Synth 8-6157] synthesizing module 'alu_15' [C:/Users/royde/AlchitryProjects/1d_alu_checkoff/work/vivado/1d_alu_checkoff/1d_alu_checkoff.srcs/sources_1/imports/verilog/alu_15.v:7]
INFO: [Synth 8-6157] synthesizing module 'adder_18' [C:/Users/royde/AlchitryProjects/1d_alu_checkoff/work/vivado/1d_alu_checkoff/1d_alu_checkoff.srcs/sources_1/imports/verilog/adder_18.v:7]
INFO: [Synth 8-226] default block is never used [C:/Users/royde/AlchitryProjects/1d_alu_checkoff/work/vivado/1d_alu_checkoff/1d_alu_checkoff.srcs/sources_1/imports/verilog/adder_18.v:24]
INFO: [Synth 8-6155] done synthesizing module 'adder_18' (13#1) [C:/Users/royde/AlchitryProjects/1d_alu_checkoff/work/vivado/1d_alu_checkoff/1d_alu_checkoff.srcs/sources_1/imports/verilog/adder_18.v:7]
INFO: [Synth 8-6157] synthesizing module 'compare_19' [C:/Users/royde/AlchitryProjects/1d_alu_checkoff/work/vivado/1d_alu_checkoff/1d_alu_checkoff.srcs/sources_1/imports/verilog/compare_19.v:7]
INFO: [Synth 8-6155] done synthesizing module 'compare_19' (14#1) [C:/Users/royde/AlchitryProjects/1d_alu_checkoff/work/vivado/1d_alu_checkoff/1d_alu_checkoff.srcs/sources_1/imports/verilog/compare_19.v:7]
INFO: [Synth 8-6157] synthesizing module 'boolean_20' [C:/Users/royde/AlchitryProjects/1d_alu_checkoff/work/vivado/1d_alu_checkoff/1d_alu_checkoff.srcs/sources_1/imports/verilog/boolean_20.v:7]
INFO: [Synth 8-6155] done synthesizing module 'boolean_20' (15#1) [C:/Users/royde/AlchitryProjects/1d_alu_checkoff/work/vivado/1d_alu_checkoff/1d_alu_checkoff.srcs/sources_1/imports/verilog/boolean_20.v:7]
INFO: [Synth 8-6157] synthesizing module 'shifter_21' [C:/Users/royde/AlchitryProjects/1d_alu_checkoff/work/vivado/1d_alu_checkoff/1d_alu_checkoff.srcs/sources_1/imports/verilog/shifter_21.v:7]
INFO: [Synth 8-6155] done synthesizing module 'shifter_21' (16#1) [C:/Users/royde/AlchitryProjects/1d_alu_checkoff/work/vivado/1d_alu_checkoff/1d_alu_checkoff.srcs/sources_1/imports/verilog/shifter_21.v:7]
INFO: [Synth 8-226] default block is never used [C:/Users/royde/AlchitryProjects/1d_alu_checkoff/work/vivado/1d_alu_checkoff/1d_alu_checkoff.srcs/sources_1/imports/verilog/alu_15.v:96]
INFO: [Synth 8-6155] done synthesizing module 'alu_15' (17#1) [C:/Users/royde/AlchitryProjects/1d_alu_checkoff/work/vivado/1d_alu_checkoff/1d_alu_checkoff.srcs/sources_1/imports/verilog/alu_15.v:7]
INFO: [Synth 8-6157] synthesizing module 'show_component_16' [C:/Users/royde/AlchitryProjects/1d_alu_checkoff/work/vivado/1d_alu_checkoff/1d_alu_checkoff.srcs/sources_1/imports/verilog/show_component_16.v:7]
	Parameter ADD bound to: 6'b000000 
	Parameter SUB bound to: 6'b000001 
	Parameter MUL bound to: 6'b000010 
	Parameter AND bound to: 6'b011000 
	Parameter OR bound to: 6'b011110 
	Parameter XOR bound to: 6'b010110 
	Parameter ALDR bound to: 6'b011010 
	Parameter SHL bound to: 6'b100000 
	Parameter SHR bound to: 6'b100001 
	Parameter SRA bound to: 6'b100011 
	Parameter CMPEQADD bound to: 6'b110010 
	Parameter CMPEQSUB bound to: 6'b110011 
	Parameter CMPLTADD bound to: 6'b110100 
	Parameter CMPLTSUB bound to: 6'b110101 
	Parameter CMPLEADD bound to: 6'b110110 
	Parameter CMPLESUB bound to: 6'b110111 
INFO: [Synth 8-6155] done synthesizing module 'show_component_16' (18#1) [C:/Users/royde/AlchitryProjects/1d_alu_checkoff/work/vivado/1d_alu_checkoff/1d_alu_checkoff.srcs/sources_1/imports/verilog/show_component_16.v:7]
INFO: [Synth 8-6157] synthesizing module 'counter_17' [C:/Users/royde/AlchitryProjects/1d_alu_checkoff/work/vivado/1d_alu_checkoff/1d_alu_checkoff.srcs/sources_1/imports/verilog/counter_17.v:14]
	Parameter SIZE bound to: 5'b11110 
	Parameter DIV bound to: 1'b0 
	Parameter TOP bound to: 1'b0 
	Parameter UP bound to: 1'b1 
	Parameter MAX_VALUE bound to: 1'b0 
INFO: [Synth 8-6155] done synthesizing module 'counter_17' (19#1) [C:/Users/royde/AlchitryProjects/1d_alu_checkoff/work/vivado/1d_alu_checkoff/1d_alu_checkoff.srcs/sources_1/imports/verilog/counter_17.v:14]
INFO: [Synth 8-155] case statement is not full and has no default [C:/Users/royde/AlchitryProjects/1d_alu_checkoff/work/vivado/1d_alu_checkoff/1d_alu_checkoff.srcs/sources_1/imports/verilog/fsm_test_cases_8.v:132]
INFO: [Synth 8-6155] done synthesizing module 'fsm_test_cases_8' (20#1) [C:/Users/royde/AlchitryProjects/1d_alu_checkoff/work/vivado/1d_alu_checkoff/1d_alu_checkoff.srcs/sources_1/imports/verilog/fsm_test_cases_8.v:7]
INFO: [Synth 8-6157] synthesizing module 'answer_key_9' [C:/Users/royde/AlchitryProjects/1d_alu_checkoff/work/vivado/1d_alu_checkoff/1d_alu_checkoff.srcs/sources_1/imports/verilog/answer_key_9.v:7]
	Parameter ADD bound to: 6'b000000 
	Parameter SUB bound to: 6'b000001 
	Parameter MUL bound to: 6'b000010 
	Parameter AND bound to: 6'b011000 
	Parameter OR bound to: 6'b011110 
	Parameter XOR bound to: 6'b010110 
	Parameter ALDR bound to: 6'b011010 
	Parameter SHL bound to: 6'b100000 
	Parameter SHR bound to: 6'b100001 
	Parameter SRA bound to: 6'b100011 
	Parameter CMPEQ bound to: 6'b110011 
	Parameter CMPLT bound to: 6'b110101 
	Parameter CMPLE bound to: 6'b110111 
	Parameter C1ADD bound to: 16'b0000000011001111 
	Parameter C1SUB bound to: 16'b1111111100111011 
	Parameter C1MUL bound to: 31'b1000010001110100011000101111010 
	Parameter C2ADD bound to: 17'b01100000000000000 
	Parameter C2SUB bound to: 16'b0011111111111110 
	Parameter C2MUL bound to: 31'b0100000000000000011111111111111 
	Parameter C3ADD bound to: -65535 - type: integer 
	Parameter C3SUB bound to: 16'b1111111111111111 
	Parameter C3MUL bound to: 1073709056 - type: integer 
	Parameter C4AND bound to: 16'b0001000100100100 
	Parameter C4XOR bound to: 16'b0110110011001000 
	Parameter C4OR bound to: 16'b0111110111101100 
	Parameter C4ALDR bound to: 16'b0111000110101100 
	Parameter C5SHL bound to: 16'b1011010011100000 
	Parameter C5SHR bound to: 16'b0000010000101101 
	Parameter C5SRA bound to: 16'b1111110000101101 
	Parameter C6EQ bound to: 16'b0000000000000000 
	Parameter C6LT bound to: 16'b0000000000000001 
	Parameter C6LE bound to: 16'b0000000000000001 
	Parameter C7EQ bound to: 16'b0000000000000001 
	Parameter C7LT bound to: 16'b0000000000000000 
	Parameter C7LE bound to: 16'b0000000000000001 
	Parameter C8EQ bound to: 16'b0000000000000000 
	Parameter C8LT bound to: 16'b0000000000000000 
	Parameter C8LE bound to: 16'b0000000000000000 
	Parameter CORRECT bound to: 1'b1 
	Parameter INCORRECT bound to: 1'b0 
INFO: [Synth 8-6155] done synthesizing module 'answer_key_9' (21#1) [C:/Users/royde/AlchitryProjects/1d_alu_checkoff/work/vivado/1d_alu_checkoff/1d_alu_checkoff.srcs/sources_1/imports/verilog/answer_key_9.v:7]
INFO: [Synth 8-6155] done synthesizing module 'au_top_0' (22#1) [C:/Users/royde/AlchitryProjects/1d_alu_checkoff/work/vivado/1d_alu_checkoff/1d_alu_checkoff.srcs/sources_1/imports/verilog/au_top_0.v:7]
---------------------------------------------------------------------------------
Finished RTL Elaboration : Time (s): cpu = 00:00:05 ; elapsed = 00:00:05 . Memory (MB): peak = 999.348 ; gain = 0.000
---------------------------------------------------------------------------------
---------------------------------------------------------------------------------
Start Handling Custom Attributes
---------------------------------------------------------------------------------
---------------------------------------------------------------------------------
Finished Handling Custom Attributes : Time (s): cpu = 00:00:05 ; elapsed = 00:00:06 . Memory (MB): peak = 999.348 ; gain = 0.000
---------------------------------------------------------------------------------
---------------------------------------------------------------------------------
Finished RTL Optimization Phase 1 : Time (s): cpu = 00:00:05 ; elapsed = 00:00:06 . Memory (MB): peak = 999.348 ; gain = 0.000
---------------------------------------------------------------------------------
Netlist sorting complete. Time (s): cpu = 00:00:00 ; elapsed = 00:00:00.013 . Memory (MB): peak = 999.348 ; gain = 0.000
INFO: [Project 1-570] Preparing netlist for logic optimization

Processing XDC Constraints
Initializing timing engine
Parsing XDC File [C:/Users/royde/AlchitryProjects/1d_alu_checkoff/work/constraint/alchitry.xdc]
Finished Parsing XDC File [C:/Users/royde/AlchitryProjects/1d_alu_checkoff/work/constraint/alchitry.xdc]
INFO: [Project 1-236] Implementation specific constraints were found while reading constraint file [C:/Users/royde/AlchitryProjects/1d_alu_checkoff/work/constraint/alchitry.xdc]. These constraints will be ignored for synthesis but will be used in implementation. Impacted constraints are listed in the file [.Xil/au_top_0_propImpl.xdc].
Resolution: To avoid this warning, move constraints listed in [.Xil/au_top_0_propImpl.xdc] to another XDC file and exclude this new file from synthesis with the used_in_synthesis property (File Properties dialog in GUI) and re-run elaboration/synthesis.
Parsing XDC File [C:/Users/royde/AlchitryProjects/1d_alu_checkoff/work/constraint/io.xdc]
Finished Parsing XDC File [C:/Users/royde/AlchitryProjects/1d_alu_checkoff/work/constraint/io.xdc]
INFO: [Project 1-236] Implementation specific constraints were found while reading constraint file [C:/Users/royde/AlchitryProjects/1d_alu_checkoff/work/constraint/io.xdc]. These constraints will be ignored for synthesis but will be used in implementation. Impacted constraints are listed in the file [.Xil/au_top_0_propImpl.xdc].
Resolution: To avoid this warning, move constraints listed in [.Xil/au_top_0_propImpl.xdc] to another XDC file and exclude this new file from synthesis with the used_in_synthesis property (File Properties dialog in GUI) and re-run elaboration/synthesis.
Parsing XDC File [C:/Program Files/Alchitry/Alchitry Labs/library/components/au.xdc]
Finished Parsing XDC File [C:/Program Files/Alchitry/Alchitry Labs/library/components/au.xdc]
Completed Processing XDC Constraints

Netlist sorting complete. Time (s): cpu = 00:00:00 ; elapsed = 00:00:00 . Memory (MB): peak = 999.348 ; gain = 0.000
INFO: [Project 1-111] Unisim Transformation Summary:
No Unisim elements were transformed.

Constraint Validation Runtime : Time (s): cpu = 00:00:00 ; elapsed = 00:00:00.006 . Memory (MB): peak = 999.348 ; gain = 0.000
---------------------------------------------------------------------------------
Finished Constraint Validation : Time (s): cpu = 00:00:11 ; elapsed = 00:00:12 . Memory (MB): peak = 999.348 ; gain = 0.000
---------------------------------------------------------------------------------
---------------------------------------------------------------------------------
Start Loading Part and Timing Information
---------------------------------------------------------------------------------
Loading part: xc7a35tftg256-1
---------------------------------------------------------------------------------
Finished Loading Part and Timing Information : Time (s): cpu = 00:00:11 ; elapsed = 00:00:12 . Memory (MB): peak = 999.348 ; gain = 0.000
---------------------------------------------------------------------------------
---------------------------------------------------------------------------------
Start Applying 'set_property' XDC Constraints
---------------------------------------------------------------------------------
---------------------------------------------------------------------------------
Finished applying 'set_property' XDC Constraints : Time (s): cpu = 00:00:11 ; elapsed = 00:00:12 . Memory (MB): peak = 999.348 ; gain = 0.000
---------------------------------------------------------------------------------
INFO: [Synth 8-802] inferred FSM for state register 'M_fsmtest_q_reg' in module 'fsm_test_cases_8'
---------------------------------------------------------------------------------------------------
                   State |                     New Encoding |                Previous Encoding 
---------------------------------------------------------------------------------------------------
         AMANUAL_fsmtest |                      00000000001 |                             0000
         BMANUAL_fsmtest |                      00000000010 |                             0001
           CASE1_fsmtest |                      00000000100 |                             0010
           CASE2_fsmtest |                      00000001000 |                             0011
           CASE3_fsmtest |                      00000010000 |                             0100
           CASE4_fsmtest |                      00000100000 |                             0101
           CASE5_fsmtest |                      00001000000 |                             0110
           CASE6_fsmtest |                      00010000000 |                             0111
           CASE7_fsmtest |                      00100000000 |                             1000
           CASE8_fsmtest |                      01000000000 |                             1001
                  iSTATE |                      10000000000 |                             1111
---------------------------------------------------------------------------------------------------
INFO: [Synth 8-3354] encoded FSM with state register 'M_fsmtest_q_reg' using encoding 'one-hot' in module 'fsm_test_cases_8'
---------------------------------------------------------------------------------
Finished RTL Optimization Phase 2 : Time (s): cpu = 00:00:12 ; elapsed = 00:00:16 . Memory (MB): peak = 999.348 ; gain = 0.000
---------------------------------------------------------------------------------
---------------------------------------------------------------------------------
Start RTL Component Statistics 
---------------------------------------------------------------------------------
Detailed RTL Component Info : 
+---Adders : 
	   2 Input   18 Bit       Adders := 1     
	   3 Input   16 Bit       Adders := 1     
	   2 Input    4 Bit       Adders := 4     
+---XORs : 
	   2 Input     16 Bit         XORs := 1     
	   2 Input      1 Bit         XORs := 2     
+---Registers : 
	               18 Bit    Registers := 1     
	               16 Bit    Registers := 1     
	                4 Bit    Registers := 5     
	                3 Bit    Registers := 1     
	                2 Bit    Registers := 1     
	                1 Bit    Registers := 3     
+---Muxes : 
	   2 Input   18 Bit        Muxes := 1     
	   2 Input   16 Bit        Muxes := 4     
	   4 Input   16 Bit        Muxes := 3     
	  11 Input   16 Bit        Muxes := 2     
	   2 Input   14 Bit        Muxes := 1     
	   2 Input   13 Bit        Muxes := 1     
	  10 Input   11 Bit        Muxes := 1     
	   2 Input   11 Bit        Muxes := 11    
	   3 Input    7 Bit        Muxes := 2     
	   4 Input    4 Bit        Muxes := 1     
	   2 Input    4 Bit        Muxes := 4     
	   5 Input    3 Bit        Muxes := 1     
	   2 Input    3 Bit        Muxes := 1     
	  11 Input    3 Bit        Muxes := 1     
	   2 Input    1 Bit        Muxes := 25    
	  11 Input    1 Bit        Muxes := 2     
	   3 Input    1 Bit        Muxes := 5     
	   4 Input    1 Bit        Muxes := 9     
---------------------------------------------------------------------------------
Finished RTL Component Statistics 
---------------------------------------------------------------------------------
---------------------------------------------------------------------------------
Start Part Resource Summary
---------------------------------------------------------------------------------
Part Resources:
DSPs: 90 (col length:60)
BRAMs: 100 (col length: RAMB18 60 RAMB36 30)
---------------------------------------------------------------------------------
Finished Part Resource Summary
---------------------------------------------------------------------------------
---------------------------------------------------------------------------------
Start Cross Boundary and Area Optimization
---------------------------------------------------------------------------------
DSP Report: Generating DSP fsmchecker/alu_system/c0, operation Mode is: A*B.
DSP Report: operator fsmchecker/alu_system/c0 is absorbed into DSP fsmchecker/alu_system/c0.
---------------------------------------------------------------------------------
Finished Cross Boundary and Area Optimization : Time (s): cpu = 00:00:19 ; elapsed = 00:00:23 . Memory (MB): peak = 999.348 ; gain = 0.000
---------------------------------------------------------------------------------
---------------------------------------------------------------------------------
Start ROM, RAM, DSP, Shift Register and Retiming Reporting
---------------------------------------------------------------------------------

DSP: Preliminary Mapping	Report (see note below)
+------------+-------------+--------+--------+--------+--------+--------+------+------+------+------+-------+------+------+
|Module Name | DSP Mapping | A Size | B Size | C Size | D Size | P Size | AREG | BREG | CREG | DREG | ADREG | MREG | PREG | 
+------------+-------------+--------+--------+--------+--------+--------+------+------+------+------+-------+------+------+
|alu_15      | A*B         | 16     | 16     | -      | -      | 32     | 0    | 0    | -    | -    | -     | 0    | 0    | 
+------------+-------------+--------+--------+--------+--------+--------+------+------+------+------+-------+------+------+

Note: The table above is a preliminary report that shows the DSPs inferred at the current stage of the synthesis flow. Some DSP may be reimplemented as non DSP primitives later in the synthesis flow. Multiple instantiated DSPs are reported only once.
---------------------------------------------------------------------------------
Finished ROM, RAM, DSP, Shift Register and Retiming Reporting
---------------------------------------------------------------------------------
---------------------------------------------------------------------------------
Start Applying XDC Timing Constraints
---------------------------------------------------------------------------------
---------------------------------------------------------------------------------
Finished Applying XDC Timing Constraints : Time (s): cpu = 00:00:28 ; elapsed = 00:00:33 . Memory (MB): peak = 999.348 ; gain = 0.000
---------------------------------------------------------------------------------
---------------------------------------------------------------------------------
Start Timing Optimization
---------------------------------------------------------------------------------
---------------------------------------------------------------------------------
Finished Timing Optimization : Time (s): cpu = 00:00:32 ; elapsed = 00:00:37 . Memory (MB): peak = 1102.703 ; gain = 103.355
---------------------------------------------------------------------------------
---------------------------------------------------------------------------------
Start Technology Mapping
---------------------------------------------------------------------------------
---------------------------------------------------------------------------------
Finished Technology Mapping : Time (s): cpu = 00:00:32 ; elapsed = 00:00:37 . Memory (MB): peak = 1112.801 ; gain = 113.453
---------------------------------------------------------------------------------
---------------------------------------------------------------------------------
Start IO Insertion
---------------------------------------------------------------------------------
---------------------------------------------------------------------------------
Start Flattening Before IO Insertion
---------------------------------------------------------------------------------
---------------------------------------------------------------------------------
Finished Flattening Before IO Insertion
---------------------------------------------------------------------------------
---------------------------------------------------------------------------------
Start Final Netlist Cleanup
---------------------------------------------------------------------------------
---------------------------------------------------------------------------------
Finished Final Netlist Cleanup
---------------------------------------------------------------------------------
---------------------------------------------------------------------------------
Finished IO Insertion : Time (s): cpu = 00:00:35 ; elapsed = 00:00:40 . Memory (MB): peak = 1112.801 ; gain = 113.453
---------------------------------------------------------------------------------
---------------------------------------------------------------------------------
Start Renaming Generated Instances
---------------------------------------------------------------------------------
---------------------------------------------------------------------------------
Finished Renaming Generated Instances : Time (s): cpu = 00:00:35 ; elapsed = 00:00:40 . Memory (MB): peak = 1112.801 ; gain = 113.453
---------------------------------------------------------------------------------
---------------------------------------------------------------------------------
Start Rebuilding User Hierarchy
---------------------------------------------------------------------------------
---------------------------------------------------------------------------------
Finished Rebuilding User Hierarchy : Time (s): cpu = 00:00:35 ; elapsed = 00:00:40 . Memory (MB): peak = 1112.801 ; gain = 113.453
---------------------------------------------------------------------------------
---------------------------------------------------------------------------------
Start Renaming Generated Ports
---------------------------------------------------------------------------------
---------------------------------------------------------------------------------
Finished Renaming Generated Ports : Time (s): cpu = 00:00:35 ; elapsed = 00:00:40 . Memory (MB): peak = 1112.801 ; gain = 113.453
---------------------------------------------------------------------------------
---------------------------------------------------------------------------------
Start Handling Custom Attributes
---------------------------------------------------------------------------------
---------------------------------------------------------------------------------
Finished Handling Custom Attributes : Time (s): cpu = 00:00:35 ; elapsed = 00:00:40 . Memory (MB): peak = 1112.801 ; gain = 113.453
---------------------------------------------------------------------------------
---------------------------------------------------------------------------------
Start Renaming Generated Nets
---------------------------------------------------------------------------------
---------------------------------------------------------------------------------
Finished Renaming Generated Nets : Time (s): cpu = 00:00:35 ; elapsed = 00:00:40 . Memory (MB): peak = 1112.801 ; gain = 113.453
---------------------------------------------------------------------------------
---------------------------------------------------------------------------------
Start Writing Synthesis Report
---------------------------------------------------------------------------------

Report BlackBoxes: 
+-+--------------+----------+
| |BlackBox name |Instances |
+-+--------------+----------+
+-+--------------+----------+

Report Cell Usage: 
+------+--------+------+
|      |Cell    |Count |
+------+--------+------+
|1     |BUFG    |     1|
|2     |CARRY4  |    17|
|3     |DSP48E1 |     1|
|4     |LUT1    |    25|
|5     |LUT2    |    38|
|6     |LUT3    |    47|
|7     |LUT4    |    50|
|8     |LUT5    |    76|
|9     |LUT6    |   255|
|10    |FDRE    |    83|
|11    |FDSE    |     4|
|12    |IBUF    |    28|
|13    |OBUF    |    45|
+------+--------+------+
---------------------------------------------------------------------------------
Finished Writing Synthesis Report : Time (s): cpu = 00:00:35 ; elapsed = 00:00:40 . Memory (MB): peak = 1112.801 ; gain = 113.453
---------------------------------------------------------------------------------
Synthesis finished with 0 errors, 0 critical warnings and 0 warnings.
Synthesis Optimization Runtime : Time (s): cpu = 00:00:28 ; elapsed = 00:00:38 . Memory (MB): peak = 1112.801 ; gain = 113.453
Synthesis Optimization Complete : Time (s): cpu = 00:00:35 ; elapsed = 00:00:40 . Memory (MB): peak = 1112.801 ; gain = 113.453
INFO: [Project 1-571] Translating synthesized netlist
Netlist sorting complete. Time (s): cpu = 00:00:00 ; elapsed = 00:00:00.012 . Memory (MB): peak = 1112.801 ; gain = 0.000
INFO: [Netlist 29-17] Analyzing 18 Unisim elements for replacement
INFO: [Netlist 29-28] Unisim Transformation completed in 0 CPU seconds
INFO: [Project 1-570] Preparing netlist for logic optimization
INFO: [Opt 31-138] Pushed 0 inverter(s) to 0 load pin(s).
Netlist sorting complete. Time (s): cpu = 00:00:00 ; elapsed = 00:00:00.001 . Memory (MB): peak = 1112.801 ; gain = 0.000
INFO: [Project 1-111] Unisim Transformation Summary:
No Unisim elements were transformed.

INFO: [Common 17-83] Releasing license: Synthesis
65 Infos, 0 Warnings, 0 Critical Warnings and 0 Errors encountered.
synth_design completed successfully
synth_design: Time (s): cpu = 00:00:41 ; elapsed = 00:00:47 . Memory (MB): peak = 1112.801 ; gain = 113.453
INFO: [Common 17-1381] The checkpoint 'C:/Users/royde/AlchitryProjects/1d_alu_checkoff/work/vivado/1d_alu_checkoff/1d_alu_checkoff.runs/synth_1/au_top_0.dcp' has been generated.
INFO: [runtcl-4] Executing : report_utilization -file au_top_0_utilization_synth.rpt -pb au_top_0_utilization_synth.pb
INFO: [Common 17-206] Exiting Vivado at Tue Mar 15 21:17:19 2022...
[Tue Mar 15 21:17:22 2022] synth_1 finished
wait_on_run: Time (s): cpu = 00:00:00 ; elapsed = 00:00:56 . Memory (MB): peak = 986.078 ; gain = 0.000
# launch_runs impl_1 -to_step write_bitstream -jobs 12
[Tue Mar 15 21:17:22 2022] Launched impl_1...
Run output will be captured here: C:/Users/royde/AlchitryProjects/1d_alu_checkoff/work/vivado/1d_alu_checkoff/1d_alu_checkoff.runs/impl_1/runme.log
# wait_on_run impl_1
[Tue Mar 15 21:17:22 2022] Waiting for impl_1 to finish...


*** Running vivado
    with args -log au_top_0.vdi -applog -m64 -product Vivado -messageDb vivado.pb -mode batch -source au_top_0.tcl -notrace



****** Vivado v2020.2 (64-bit)
  **** SW Build 3064766 on Wed Nov 18 09:12:45 MST 2020
  **** IP Build 3064653 on Wed Nov 18 14:17:31 MST 2020
    ** Copyright 1986-2020 Xilinx, Inc. All Rights Reserved.

source au_top_0.tcl -notrace
Command: link_design -top au_top_0 -part xc7a35tftg256-1
Design is defaulting to srcset: sources_1
Design is defaulting to constrset: constrs_1
INFO: [Device 21-403] Loading part xc7a35tftg256-1
Netlist sorting complete. Time (s): cpu = 00:00:00 ; elapsed = 00:00:00.007 . Memory (MB): peak = 985.691 ; gain = 0.000
INFO: [Netlist 29-17] Analyzing 18 Unisim elements for replacement
INFO: [Netlist 29-28] Unisim Transformation completed in 0 CPU seconds
INFO: [Project 1-479] Netlist was created with Vivado 2020.2
INFO: [Project 1-570] Preparing netlist for logic optimization
Parsing XDC File [C:/Users/royde/AlchitryProjects/1d_alu_checkoff/work/constraint/alchitry.xdc]
Finished Parsing XDC File [C:/Users/royde/AlchitryProjects/1d_alu_checkoff/work/constraint/alchitry.xdc]
Parsing XDC File [C:/Users/royde/AlchitryProjects/1d_alu_checkoff/work/constraint/io.xdc]
Finished Parsing XDC File [C:/Users/royde/AlchitryProjects/1d_alu_checkoff/work/constraint/io.xdc]
Parsing XDC File [C:/Program Files/Alchitry/Alchitry Labs/library/components/au.xdc]
Finished Parsing XDC File [C:/Program Files/Alchitry/Alchitry Labs/library/components/au.xdc]
INFO: [Opt 31-138] Pushed 0 inverter(s) to 0 load pin(s).
Netlist sorting complete. Time (s): cpu = 00:00:00 ; elapsed = 00:00:00.001 . Memory (MB): peak = 985.691 ; gain = 0.000
INFO: [Project 1-111] Unisim Transformation Summary:
No Unisim elements were transformed.

7 Infos, 0 Warnings, 0 Critical Warnings and 0 Errors encountered.
link_design completed successfully
link_design: Time (s): cpu = 00:00:06 ; elapsed = 00:00:08 . Memory (MB): peak = 985.691 ; gain = 0.000
Command: opt_design
Attempting to get a license for feature 'Implementation' and/or device 'xc7a35t'
INFO: [Common 17-349] Got license for feature 'Implementation' and/or device 'xc7a35t'
Running DRC as a precondition to command opt_design

Starting DRC Task
INFO: [DRC 23-27] Running DRC with 2 threads
INFO: [Project 1-461] DRC finished with 0 Errors
INFO: [Project 1-462] Please refer to the DRC report (report_drc) for more information.

Time (s): cpu = 00:00:02 ; elapsed = 00:00:00.891 . Memory (MB): peak = 985.691 ; gain = 0.000

Starting Cache Timing Information Task
INFO: [Timing 38-35] Done setting XDC timing constraints.
Ending Cache Timing Information Task | Checksum: ca8b2b76

Time (s): cpu = 00:00:07 ; elapsed = 00:00:08 . Memory (MB): peak = 1165.984 ; gain = 180.293

Starting Logic Optimization Task

Phase 1 Retarget
INFO: [Opt 31-138] Pushed 0 inverter(s) to 0 load pin(s).
INFO: [Opt 31-49] Retargeted 0 cell(s).
Phase 1 Retarget | Checksum: bd4097d3

Time (s): cpu = 00:00:00 ; elapsed = 00:00:00.060 . Memory (MB): peak = 1373.555 ; gain = 0.000
INFO: [Opt 31-389] Phase Retarget created 0 cells and removed 20 cells

Phase 2 Constant propagation
INFO: [Opt 31-138] Pushed 0 inverter(s) to 0 load pin(s).
Phase 2 Constant propagation | Checksum: bd4097d3

Time (s): cpu = 00:00:00 ; elapsed = 00:00:00.065 . Memory (MB): peak = 1373.555 ; gain = 0.000
INFO: [Opt 31-389] Phase Constant propagation created 0 cells and removed 0 cells

Phase 3 Sweep
Phase 3 Sweep | Checksum: 1060d5740

Time (s): cpu = 00:00:00 ; elapsed = 00:00:00.078 . Memory (MB): peak = 1373.555 ; gain = 0.000
INFO: [Opt 31-389] Phase Sweep created 0 cells and removed 0 cells

Phase 4 BUFG optimization
Phase 4 BUFG optimization | Checksum: 1060d5740

Time (s): cpu = 00:00:00 ; elapsed = 00:00:00.089 . Memory (MB): peak = 1373.555 ; gain = 0.000
INFO: [Opt 31-662] Phase BUFG optimization created 0 cells of which 0 are BUFGs and removed 0 cells.

Phase 5 Shift Register Optimization
INFO: [Opt 31-1064] SRL Remap converted 0 SRLs to 0 registers and converted 0 registers of register chains to 0 SRLs
Phase 5 Shift Register Optimization | Checksum: 1060d5740

Time (s): cpu = 00:00:00 ; elapsed = 00:00:00.092 . Memory (MB): peak = 1373.555 ; gain = 0.000
INFO: [Opt 31-389] Phase Shift Register Optimization created 0 cells and removed 0 cells

Phase 6 Post Processing Netlist
Phase 6 Post Processing Netlist | Checksum: 1060d5740

Time (s): cpu = 00:00:00 ; elapsed = 00:00:00.095 . Memory (MB): peak = 1373.555 ; gain = 0.000
INFO: [Opt 31-389] Phase Post Processing Netlist created 0 cells and removed 0 cells
Opt_design Change Summary
=========================


-------------------------------------------------------------------------------------------------------------------------
|  Phase                        |  #Cells created  |  #Cells Removed  |  #Constrained objects preventing optimizations  |
-------------------------------------------------------------------------------------------------------------------------
|  Retarget                     |               0  |              20  |                                              0  |
|  Constant propagation         |               0  |               0  |                                              0  |
|  Sweep                        |               0  |               0  |                                              0  |
|  BUFG optimization            |               0  |               0  |                                              0  |
|  Shift Register Optimization  |               0  |               0  |                                              0  |
|  Post Processing Netlist      |               0  |               0  |                                              0  |
-------------------------------------------------------------------------------------------------------------------------



Starting Connectivity Check Task

Time (s): cpu = 00:00:00 ; elapsed = 00:00:00.002 . Memory (MB): peak = 1373.555 ; gain = 0.000
Ending Logic Optimization Task | Checksum: 14b12551d

Time (s): cpu = 00:00:00 ; elapsed = 00:00:00.110 . Memory (MB): peak = 1373.555 ; gain = 0.000

Starting Power Optimization Task
INFO: [Pwropt 34-132] Skipping clock gating for clocks with a period < 2.00 ns.
Ending Power Optimization Task | Checksum: 14b12551d

Time (s): cpu = 00:00:00 ; elapsed = 00:00:00.011 . Memory (MB): peak = 1377.301 ; gain = 3.746

Starting Final Cleanup Task
Ending Final Cleanup Task | Checksum: 14b12551d

Time (s): cpu = 00:00:00 ; elapsed = 00:00:00 . Memory (MB): peak = 1377.301 ; gain = 0.000

Starting Netlist Obfuscation Task
Netlist sorting complete. Time (s): cpu = 00:00:00 ; elapsed = 00:00:00.001 . Memory (MB): peak = 1377.301 ; gain = 0.000
Ending Netlist Obfuscation Task | Checksum: 14b12551d

Time (s): cpu = 00:00:00 ; elapsed = 00:00:00.001 . Memory (MB): peak = 1377.301 ; gain = 0.000
INFO: [Common 17-83] Releasing license: Implementation
24 Infos, 0 Warnings, 0 Critical Warnings and 0 Errors encountered.
opt_design completed successfully
opt_design: Time (s): cpu = 00:00:11 ; elapsed = 00:00:11 . Memory (MB): peak = 1377.301 ; gain = 391.609
INFO: [Timing 38-480] Writing timing data to binary archive.
Writing placer database...
Writing XDEF routing.
Writing XDEF routing logical nets.
Writing XDEF routing special nets.
Write XDEF Complete: Time (s): cpu = 00:00:00 ; elapsed = 00:00:00.033 . Memory (MB): peak = 1377.480 ; gain = 0.180
INFO: [Common 17-1381] The checkpoint 'C:/Users/royde/AlchitryProjects/1d_alu_checkoff/work/vivado/1d_alu_checkoff/1d_alu_checkoff.runs/impl_1/au_top_0_opt.dcp' has been generated.
INFO: [runtcl-4] Executing : report_drc -file au_top_0_drc_opted.rpt -pb au_top_0_drc_opted.pb -rpx au_top_0_drc_opted.rpx
Command: report_drc -file au_top_0_drc_opted.rpt -pb au_top_0_drc_opted.pb -rpx au_top_0_drc_opted.rpx
INFO: [IP_Flow 19-234] Refreshing IP repositories
INFO: [IP_Flow 19-1704] No user IP repositories specified
INFO: [IP_Flow 19-2313] Loaded Vivado IP repository 'C:/Vivado/2020.2/data/ip'.
INFO: [Timing 38-35] Done setting XDC timing constraints.
INFO: [DRC 23-27] Running DRC with 2 threads
INFO: [Coretcl 2-168] The results of DRC are in file C:/Users/royde/AlchitryProjects/1d_alu_checkoff/work/vivado/1d_alu_checkoff/1d_alu_checkoff.runs/impl_1/au_top_0_drc_opted.rpt.
report_drc completed successfully
Command: place_design
Attempting to get a license for feature 'Implementation' and/or device 'xc7a35t'
INFO: [Common 17-349] Got license for feature 'Implementation' and/or device 'xc7a35t'
INFO: [DRC 23-27] Running DRC with 2 threads
INFO: [Vivado_Tcl 4-198] DRC finished with 0 Errors
INFO: [Vivado_Tcl 4-199] Please refer to the DRC report (report_drc) for more information.
Running DRC as a precondition to command place_design
INFO: [DRC 23-27] Running DRC with 2 threads
INFO: [Vivado_Tcl 4-198] DRC finished with 0 Errors
INFO: [Vivado_Tcl 4-199] Please refer to the DRC report (report_drc) for more information.

Starting Placer Task
INFO: [Place 30-611] Multithreading enabled for place_design using a maximum of 2 CPUs

Phase 1 Placer Initialization

Phase 1.1 Placer Initialization Netlist Sorting
Netlist sorting complete. Time (s): cpu = 00:00:00 ; elapsed = 00:00:00 . Memory (MB): peak = 1418.699 ; gain = 0.000
Phase 1.1 Placer Initialization Netlist Sorting | Checksum: bd94949c

Time (s): cpu = 00:00:00 ; elapsed = 00:00:00.012 . Memory (MB): peak = 1418.699 ; gain = 0.000
Netlist sorting complete. Time (s): cpu = 00:00:00 ; elapsed = 00:00:00 . Memory (MB): peak = 1418.699 ; gain = 0.000

Phase 1.2 IO Placement/ Clock Placement/ Build Placer Device
Phase 1.2 IO Placement/ Clock Placement/ Build Placer Device | Checksum: 15190dc30

Time (s): cpu = 00:00:01 ; elapsed = 00:00:00.347 . Memory (MB): peak = 1418.699 ; gain = 0.000

Phase 1.3 Build Placer Netlist Model
Phase 1.3 Build Placer Netlist Model | Checksum: 170c08ab4

Time (s): cpu = 00:00:01 ; elapsed = 00:00:00.511 . Memory (MB): peak = 1418.699 ; gain = 0.000

Phase 1.4 Constrain Clocks/Macros
Phase 1.4 Constrain Clocks/Macros | Checksum: 170c08ab4

Time (s): cpu = 00:00:01 ; elapsed = 00:00:00.513 . Memory (MB): peak = 1418.699 ; gain = 0.000
Phase 1 Placer Initialization | Checksum: 170c08ab4

Time (s): cpu = 00:00:01 ; elapsed = 00:00:00.520 . Memory (MB): peak = 1418.699 ; gain = 0.000

Phase 2 Global Placement

Phase 2.1 Floorplanning
Phase 2.1 Floorplanning | Checksum: 235ab59f7

Time (s): cpu = 00:00:01 ; elapsed = 00:00:00.597 . Memory (MB): peak = 1418.699 ; gain = 0.000

Phase 2.2 Update Timing before SLR Path Opt
Phase 2.2 Update Timing before SLR Path Opt | Checksum: 1b8f45d1f

Time (s): cpu = 00:00:01 ; elapsed = 00:00:00.635 . Memory (MB): peak = 1418.699 ; gain = 0.000

Phase 2.3 Global Placement Core

Phase 2.3.1 Physical Synthesis In Placer
INFO: [Physopt 32-1035] Found 0 LUTNM shape to break, 26 LUT instances to create LUTNM shape
INFO: [Physopt 32-1044] Break lutnm for timing: one critical 0, two critical 0, total 0, new lutff created 0
INFO: [Physopt 32-775] End 1 Pass. Optimized 12 nets or cells. Created 0 new cell, deleted 12 existing cells and moved 0 existing cell
INFO: [Physopt 32-65] No nets found for high-fanout optimization.
INFO: [Physopt 32-232] Optimized 0 net. Created 0 new instance.
INFO: [Physopt 32-775] End 1 Pass. Optimized 0 net or cell. Created 0 new cell, deleted 0 existing cell and moved 0 existing cell
INFO: [Physopt 32-670] No setup violation found.  DSP Register Optimization was not performed.
INFO: [Physopt 32-670] No setup violation found.  Shift Register to Pipeline Optimization was not performed.
INFO: [Physopt 32-670] No setup violation found.  Shift Register Optimization was not performed.
INFO: [Physopt 32-670] No setup violation found.  BRAM Register Optimization was not performed.
INFO: [Physopt 32-670] No setup violation found.  URAM Register Optimization was not performed.
INFO: [Physopt 32-949] No candidate nets found for dynamic/static region interface net replication
INFO: [Physopt 32-775] End 1 Pass. Optimized 0 net or cell. Created 0 new cell, deleted 0 existing cell and moved 0 existing cell
Netlist sorting complete. Time (s): cpu = 00:00:00 ; elapsed = 00:00:00 . Memory (MB): peak = 1418.699 ; gain = 0.000

Summary of Physical Synthesis Optimizations
============================================


-----------------------------------------------------------------------------------------------------------------------------------------------------------
|  Optimization                                     |  Added Cells  |  Removed Cells  |  Optimized Cells/Nets  |  Dont Touch  |  Iterations  |  Elapsed   |
-----------------------------------------------------------------------------------------------------------------------------------------------------------
|  LUT Combining                                    |            0  |             12  |                    12  |           0  |           1  |  00:00:00  |
|  Very High Fanout                                 |            0  |              0  |                     0  |           0  |           1  |  00:00:00  |
|  DSP Register                                     |            0  |              0  |                     0  |           0  |           0  |  00:00:00  |
|  Shift Register to Pipeline                       |            0  |              0  |                     0  |           0  |           0  |  00:00:00  |
|  Shift Register                                   |            0  |              0  |                     0  |           0  |           0  |  00:00:00  |
|  BRAM Register                                    |            0  |              0  |                     0  |           0  |           0  |  00:00:00  |
|  URAM Register                                    |            0  |              0  |                     0  |           0  |           0  |  00:00:00  |
|  Dynamic/Static Region Interface Net Replication  |            0  |              0  |                     0  |           0  |           1  |  00:00:00  |
|  Total                                            |            0  |             12  |                    12  |           0  |           3  |  00:00:00  |
-----------------------------------------------------------------------------------------------------------------------------------------------------------


Phase 2.3.1 Physical Synthesis In Placer | Checksum: 24486f95e

Time (s): cpu = 00:00:04 ; elapsed = 00:00:02 . Memory (MB): peak = 1418.699 ; gain = 0.000
Phase 2.3 Global Placement Core | Checksum: 197ccae66

Time (s): cpu = 00:00:04 ; elapsed = 00:00:02 . Memory (MB): peak = 1418.699 ; gain = 0.000
Phase 2 Global Placement | Checksum: 197ccae66

Time (s): cpu = 00:00:04 ; elapsed = 00:00:02 . Memory (MB): peak = 1418.699 ; gain = 0.000

Phase 3 Detail Placement

Phase 3.1 Commit Multi Column Macros
Phase 3.1 Commit Multi Column Macros | Checksum: 1b3c7bd25

Time (s): cpu = 00:00:04 ; elapsed = 00:00:02 . Memory (MB): peak = 1418.699 ; gain = 0.000

Phase 3.2 Commit Most Macros & LUTRAMs
Phase 3.2 Commit Most Macros & LUTRAMs | Checksum: 19b02fd62

Time (s): cpu = 00:00:04 ; elapsed = 00:00:02 . Memory (MB): peak = 1418.699 ; gain = 0.000

Phase 3.3 Area Swap Optimization
Phase 3.3 Area Swap Optimization | Checksum: 179f01e48

Time (s): cpu = 00:00:04 ; elapsed = 00:00:02 . Memory (MB): peak = 1418.699 ; gain = 0.000

Phase 3.4 Pipeline Register Optimization
Phase 3.4 Pipeline Register Optimization | Checksum: 1bb94cd4c

Time (s): cpu = 00:00:04 ; elapsed = 00:00:02 . Memory (MB): peak = 1418.699 ; gain = 0.000

Phase 3.5 Small Shape Detail Placement
Phase 3.5 Small Shape Detail Placement | Checksum: 184350142

Time (s): cpu = 00:00:04 ; elapsed = 00:00:02 . Memory (MB): peak = 1418.699 ; gain = 0.000

Phase 3.6 Re-assign LUT pins
Phase 3.6 Re-assign LUT pins | Checksum: 13b2caa55

Time (s): cpu = 00:00:04 ; elapsed = 00:00:03 . Memory (MB): peak = 1418.699 ; gain = 0.000

Phase 3.7 Pipeline Register Optimization
Phase 3.7 Pipeline Register Optimization | Checksum: a0408837

Time (s): cpu = 00:00:04 ; elapsed = 00:00:03 . Memory (MB): peak = 1418.699 ; gain = 0.000
Phase 3 Detail Placement | Checksum: a0408837

Time (s): cpu = 00:00:04 ; elapsed = 00:00:03 . Memory (MB): peak = 1418.699 ; gain = 0.000

Phase 4 Post Placement Optimization and Clean-Up

Phase 4.1 Post Commit Optimization
INFO: [Timing 38-35] Done setting XDC timing constraints.

Phase 4.1.1 Post Placement Optimization
Post Placement Optimization Initialization | Checksum: 11d89e556

Phase 4.1.1.1 BUFG Insertion

Starting Physical Synthesis Task

Phase 1 Physical Synthesis Initialization
INFO: [Physopt 32-721] Multithreading enabled for phys_opt_design using a maximum of 2 CPUs
INFO: [Physopt 32-619] Estimated Timing Summary | WNS=3.438 | TNS=0.000 |
Phase 1 Physical Synthesis Initialization | Checksum: 18ee83cba

Time (s): cpu = 00:00:00 ; elapsed = 00:00:00.019 . Memory (MB): peak = 1418.699 ; gain = 0.000
INFO: [Place 46-56] BUFG insertion identified 0 candidate nets. Inserted BUFG: 0, Replicated BUFG Driver: 0, Skipped due to Placement/Routing Conflicts: 0, Skipped due to Timing Degradation: 0, Skipped due to Illegal Netlist: 0.
Ending Physical Synthesis Task | Checksum: c39d66d5

Time (s): cpu = 00:00:00 ; elapsed = 00:00:00.021 . Memory (MB): peak = 1418.699 ; gain = 0.000
Phase 4.1.1.1 BUFG Insertion | Checksum: 11d89e556

Time (s): cpu = 00:00:05 ; elapsed = 00:00:03 . Memory (MB): peak = 1418.699 ; gain = 0.000
INFO: [Place 30-746] Post Placement Timing Summary WNS=3.438. For the most accurate timing information please run report_timing.

Time (s): cpu = 00:00:05 ; elapsed = 00:00:03 . Memory (MB): peak = 1418.699 ; gain = 0.000
Phase 4.1 Post Commit Optimization | Checksum: 3edd7833

Time (s): cpu = 00:00:05 ; elapsed = 00:00:03 . Memory (MB): peak = 1418.699 ; gain = 0.000

Phase 4.2 Post Placement Cleanup
Phase 4.2 Post Placement Cleanup | Checksum: 3edd7833

Time (s): cpu = 00:00:05 ; elapsed = 00:00:03 . Memory (MB): peak = 1418.699 ; gain = 0.000

Phase 4.3 Placer Reporting

Phase 4.3.1 Print Estimated Congestion
INFO: [Place 30-612] Post-Placement Estimated Congestion 
 ____________________________________________________
|           | Global Congestion | Short Congestion  |
| Direction | Region Size       | Region Size       |
|___________|___________________|___________________|
|      North|                1x1|                1x1|
|___________|___________________|___________________|
|      South|                1x1|                1x1|
|___________|___________________|___________________|
|       East|                1x1|                1x1|
|___________|___________________|___________________|
|       West|                1x1|                1x1|
|___________|___________________|___________________|

Phase 4.3.1 Print Estimated Congestion | Checksum: 3edd7833

Time (s): cpu = 00:00:05 ; elapsed = 00:00:03 . Memory (MB): peak = 1418.699 ; gain = 0.000
Phase 4.3 Placer Reporting | Checksum: 3edd7833

Time (s): cpu = 00:00:05 ; elapsed = 00:00:03 . Memory (MB): peak = 1418.699 ; gain = 0.000

Phase 4.4 Final Placement Cleanup
Netlist sorting complete. Time (s): cpu = 00:00:00 ; elapsed = 00:00:00 . Memory (MB): peak = 1418.699 ; gain = 0.000

Time (s): cpu = 00:00:05 ; elapsed = 00:00:03 . Memory (MB): peak = 1418.699 ; gain = 0.000
Phase 4 Post Placement Optimization and Clean-Up | Checksum: 323a3c69

Time (s): cpu = 00:00:05 ; elapsed = 00:00:03 . Memory (MB): peak = 1418.699 ; gain = 0.000
Ending Placer Task | Checksum: 297c6a8a

Time (s): cpu = 00:00:05 ; elapsed = 00:00:03 . Memory (MB): peak = 1418.699 ; gain = 0.000
INFO: [Common 17-83] Releasing license: Implementation
61 Infos, 0 Warnings, 0 Critical Warnings and 0 Errors encountered.
place_design completed successfully
INFO: [Timing 38-480] Writing timing data to binary archive.
Writing placer database...
Writing XDEF routing.
Writing XDEF routing logical nets.
Writing XDEF routing special nets.
Write XDEF Complete: Time (s): cpu = 00:00:00 ; elapsed = 00:00:00.072 . Memory (MB): peak = 1418.699 ; gain = 0.000
INFO: [Common 17-1381] The checkpoint 'C:/Users/royde/AlchitryProjects/1d_alu_checkoff/work/vivado/1d_alu_checkoff/1d_alu_checkoff.runs/impl_1/au_top_0_placed.dcp' has been generated.
INFO: [runtcl-4] Executing : report_io -file au_top_0_io_placed.rpt
report_io: Time (s): cpu = 00:00:00 ; elapsed = 00:00:00.048 . Memory (MB): peak = 1418.699 ; gain = 0.000
INFO: [runtcl-4] Executing : report_utilization -file au_top_0_utilization_placed.rpt -pb au_top_0_utilization_placed.pb
INFO: [runtcl-4] Executing : report_control_sets -verbose -file au_top_0_control_sets_placed.rpt
report_control_sets: Time (s): cpu = 00:00:00 ; elapsed = 00:00:00.002 . Memory (MB): peak = 1418.699 ; gain = 0.000
Command: phys_opt_design
Attempting to get a license for feature 'Implementation' and/or device 'xc7a35t'
INFO: [Common 17-349] Got license for feature 'Implementation' and/or device 'xc7a35t'
INFO: [Vivado_Tcl 4-383] Design worst setup slack (WNS) is greater than or equal to 0.000 ns. Skipping all physical synthesis optimizations.
INFO: [Vivado_Tcl 4-232] No setup violation found. The netlist was not modified.
INFO: [Common 17-83] Releasing license: Implementation
70 Infos, 0 Warnings, 0 Critical Warnings and 0 Errors encountered.
phys_opt_design completed successfully
INFO: [Timing 38-480] Writing timing data to binary archive.
Writing placer database...
Writing XDEF routing.
Writing XDEF routing logical nets.
Writing XDEF routing special nets.
Write XDEF Complete: Time (s): cpu = 00:00:01 ; elapsed = 00:00:00.086 . Memory (MB): peak = 1418.699 ; gain = 0.000
INFO: [Common 17-1381] The checkpoint 'C:/Users/royde/AlchitryProjects/1d_alu_checkoff/work/vivado/1d_alu_checkoff/1d_alu_checkoff.runs/impl_1/au_top_0_physopt.dcp' has been generated.
Command: route_design
Attempting to get a license for feature 'Implementation' and/or device 'xc7a35t'
INFO: [Common 17-349] Got license for feature 'Implementation' and/or device 'xc7a35t'
Running DRC as a precondition to command route_design
INFO: [DRC 23-27] Running DRC with 2 threads
INFO: [Vivado_Tcl 4-198] DRC finished with 0 Errors
INFO: [Vivado_Tcl 4-199] Please refer to the DRC report (report_drc) for more information.


Starting Routing Task
INFO: [Route 35-254] Multithreading enabled for route_design using a maximum of 2 CPUs
Checksum: PlaceDB: 1c1f691d ConstDB: 0 ShapeSum: d5d016d RouteDB: 0

Phase 1 Build RT Design
Phase 1 Build RT Design | Checksum: 12b600677

Time (s): cpu = 00:00:16 ; elapsed = 00:00:14 . Memory (MB): peak = 1512.906 ; gain = 81.773
Post Restoration Checksum: NetGraph: ba97ff3b NumContArr: 70c8073c Constraints: 0 Timing: 0

Phase 2 Router Initialization

Phase 2.1 Create Timer
Phase 2.1 Create Timer | Checksum: 12b600677

Time (s): cpu = 00:00:16 ; elapsed = 00:00:14 . Memory (MB): peak = 1512.922 ; gain = 81.789

Phase 2.2 Fix Topology Constraints
Phase 2.2 Fix Topology Constraints | Checksum: 12b600677

Time (s): cpu = 00:00:16 ; elapsed = 00:00:14 . Memory (MB): peak = 1518.930 ; gain = 87.797

Phase 2.3 Pre Route Cleanup
Phase 2.3 Pre Route Cleanup | Checksum: 12b600677

Time (s): cpu = 00:00:16 ; elapsed = 00:00:14 . Memory (MB): peak = 1518.930 ; gain = 87.797
 Number of Nodes with overlaps = 0

Phase 2.4 Update Timing
Phase 2.4 Update Timing | Checksum: 2635c6a60

Time (s): cpu = 00:00:16 ; elapsed = 00:00:14 . Memory (MB): peak = 1526.148 ; gain = 95.016
INFO: [Route 35-416] Intermediate Timing Summary | WNS=3.477  | TNS=0.000  | WHS=-0.076 | THS=-0.927 |

Phase 2 Router Initialization | Checksum: 1bd436a58

Time (s): cpu = 00:00:16 ; elapsed = 00:00:14 . Memory (MB): peak = 1526.148 ; gain = 95.016

Router Utilization Summary
  Global Vertical Routing Utilization    = 0 %
  Global Horizontal Routing Utilization  = 0 %
  Routable Net Status*
  *Does not include unroutable nets such as driverless and loadless.
  Run report_route_status for detailed report.
  Number of Failed Nets               = 609
    (Failed Nets is the sum of unrouted and partially routed nets)
  Number of Unrouted Nets             = 609
  Number of Partially Routed Nets     = 0
  Number of Node Overlaps             = 0


Phase 3 Initial Routing

Phase 3.1 Global Routing
Phase 3.1 Global Routing | Checksum: 1bd436a58

Time (s): cpu = 00:00:16 ; elapsed = 00:00:14 . Memory (MB): peak = 1529.004 ; gain = 97.871
Phase 3 Initial Routing | Checksum: 16a2e0517

Time (s): cpu = 00:00:16 ; elapsed = 00:00:15 . Memory (MB): peak = 1529.004 ; gain = 97.871

Phase 4 Rip-up And Reroute

Phase 4.1 Global Iteration 0
 Number of Nodes with overlaps = 71
 Number of Nodes with overlaps = 0
INFO: [Route 35-416] Intermediate Timing Summary | WNS=3.569  | TNS=0.000  | WHS=N/A    | THS=N/A    |

Phase 4.1 Global Iteration 0 | Checksum: 115e6eadf

Time (s): cpu = 00:00:17 ; elapsed = 00:00:15 . Memory (MB): peak = 1529.004 ; gain = 97.871
Phase 4 Rip-up And Reroute | Checksum: 115e6eadf

Time (s): cpu = 00:00:17 ; elapsed = 00:00:15 . Memory (MB): peak = 1529.004 ; gain = 97.871

Phase 5 Delay and Skew Optimization

Phase 5.1 Delay CleanUp
Phase 5.1 Delay CleanUp | Checksum: 115e6eadf

Time (s): cpu = 00:00:17 ; elapsed = 00:00:15 . Memory (MB): peak = 1529.004 ; gain = 97.871

Phase 5.2 Clock Skew Optimization
Phase 5.2 Clock Skew Optimization | Checksum: 115e6eadf

Time (s): cpu = 00:00:17 ; elapsed = 00:00:15 . Memory (MB): peak = 1529.004 ; gain = 97.871
Phase 5 Delay and Skew Optimization | Checksum: 115e6eadf

Time (s): cpu = 00:00:17 ; elapsed = 00:00:15 . Memory (MB): peak = 1529.004 ; gain = 97.871

Phase 6 Post Hold Fix

Phase 6.1 Hold Fix Iter

Phase 6.1.1 Update Timing
Phase 6.1.1 Update Timing | Checksum: 8cde775f

Time (s): cpu = 00:00:17 ; elapsed = 00:00:15 . Memory (MB): peak = 1529.004 ; gain = 97.871
INFO: [Route 35-416] Intermediate Timing Summary | WNS=3.663  | TNS=0.000  | WHS=0.185  | THS=0.000  |

Phase 6.1 Hold Fix Iter | Checksum: 8cde775f

Time (s): cpu = 00:00:17 ; elapsed = 00:00:15 . Memory (MB): peak = 1529.004 ; gain = 97.871
Phase 6 Post Hold Fix | Checksum: 8cde775f

Time (s): cpu = 00:00:17 ; elapsed = 00:00:15 . Memory (MB): peak = 1529.004 ; gain = 97.871

Phase 7 Route finalize

Router Utilization Summary
  Global Vertical Routing Utilization    = 0.208323 %
  Global Horizontal Routing Utilization  = 0.236075 %
  Routable Net Status*
  *Does not include unroutable nets such as driverless and loadless.
  Run report_route_status for detailed report.
  Number of Failed Nets               = 0
    (Failed Nets is the sum of unrouted and partially routed nets)
  Number of Unrouted Nets             = 0
  Number of Partially Routed Nets     = 0
  Number of Node Overlaps             = 0

Phase 7 Route finalize | Checksum: 8cde775f

Time (s): cpu = 00:00:17 ; elapsed = 00:00:15 . Memory (MB): peak = 1529.004 ; gain = 97.871

Phase 8 Verifying routed nets

 Verification completed successfully
Phase 8 Verifying routed nets | Checksum: 8cde775f

Time (s): cpu = 00:00:17 ; elapsed = 00:00:15 . Memory (MB): peak = 1529.637 ; gain = 98.504

Phase 9 Depositing Routes
Phase 9 Depositing Routes | Checksum: 127b55cd6

Time (s): cpu = 00:00:17 ; elapsed = 00:00:15 . Memory (MB): peak = 1529.637 ; gain = 98.504

Phase 10 Post Router Timing
INFO: [Route 35-57] Estimated Timing Summary | WNS=3.663  | TNS=0.000  | WHS=0.185  | THS=0.000  |

INFO: [Route 35-327] The final timing numbers are based on the router estimated timing analysis. For a complete and accurate timing signoff, please run report_timing_summary.
Phase 10 Post Router Timing | Checksum: 127b55cd6

Time (s): cpu = 00:00:17 ; elapsed = 00:00:15 . Memory (MB): peak = 1529.637 ; gain = 98.504
INFO: [Route 35-16] Router Completed Successfully

Time (s): cpu = 00:00:17 ; elapsed = 00:00:15 . Memory (MB): peak = 1529.637 ; gain = 98.504

Routing Is Done.
INFO: [Common 17-83] Releasing license: Implementation
84 Infos, 0 Warnings, 0 Critical Warnings and 0 Errors encountered.
route_design completed successfully
route_design: Time (s): cpu = 00:00:18 ; elapsed = 00:00:16 . Memory (MB): peak = 1529.637 ; gain = 110.938
INFO: [Timing 38-480] Writing timing data to binary archive.
Writing placer database...
Writing XDEF routing.
Writing XDEF routing logical nets.
Writing XDEF routing special nets.
Write XDEF Complete: Time (s): cpu = 00:00:00 ; elapsed = 00:00:00.099 . Memory (MB): peak = 1539.535 ; gain = 9.898
INFO: [Common 17-1381] The checkpoint 'C:/Users/royde/AlchitryProjects/1d_alu_checkoff/work/vivado/1d_alu_checkoff/1d_alu_checkoff.runs/impl_1/au_top_0_routed.dcp' has been generated.
INFO: [runtcl-4] Executing : report_drc -file au_top_0_drc_routed.rpt -pb au_top_0_drc_routed.pb -rpx au_top_0_drc_routed.rpx
Command: report_drc -file au_top_0_drc_routed.rpt -pb au_top_0_drc_routed.pb -rpx au_top_0_drc_routed.rpx
INFO: [IP_Flow 19-1839] IP Catalog is up to date.
INFO: [DRC 23-27] Running DRC with 2 threads
INFO: [Coretcl 2-168] The results of DRC are in file C:/Users/royde/AlchitryProjects/1d_alu_checkoff/work/vivado/1d_alu_checkoff/1d_alu_checkoff.runs/impl_1/au_top_0_drc_routed.rpt.
report_drc completed successfully
INFO: [runtcl-4] Executing : report_methodology -file au_top_0_methodology_drc_routed.rpt -pb au_top_0_methodology_drc_routed.pb -rpx au_top_0_methodology_drc_routed.rpx
Command: report_methodology -file au_top_0_methodology_drc_routed.rpt -pb au_top_0_methodology_drc_routed.pb -rpx au_top_0_methodology_drc_routed.rpx
INFO: [Timing 38-35] Done setting XDC timing constraints.
INFO: [DRC 23-133] Running Methodology with 2 threads
INFO: [Coretcl 2-1520] The results of Report Methodology are in file C:/Users/royde/AlchitryProjects/1d_alu_checkoff/work/vivado/1d_alu_checkoff/1d_alu_checkoff.runs/impl_1/au_top_0_methodology_drc_routed.rpt.
report_methodology completed successfully
INFO: [runtcl-4] Executing : report_power -file au_top_0_power_routed.rpt -pb au_top_0_power_summary_routed.pb -rpx au_top_0_power_routed.rpx
Command: report_power -file au_top_0_power_routed.rpt -pb au_top_0_power_summary_routed.pb -rpx au_top_0_power_routed.rpx
INFO: [Timing 38-35] Done setting XDC timing constraints.
Running Vector-less Activity Propagation...

Finished Running Vector-less Activity Propagation
96 Infos, 0 Warnings, 0 Critical Warnings and 0 Errors encountered.
report_power completed successfully
INFO: [runtcl-4] Executing : report_route_status -file au_top_0_route_status.rpt -pb au_top_0_route_status.pb
INFO: [runtcl-4] Executing : report_timing_summary -max_paths 10 -file au_top_0_timing_summary_routed.rpt -pb au_top_0_timing_summary_routed.pb -rpx au_top_0_timing_summary_routed.rpx -warn_on_violation 
INFO: [Timing 38-91] UpdateTimingParams: Speed grade: -1, Delay Type: min_max.
INFO: [Timing 38-191] Multithreading enabled for timing update using a maximum of 2 CPUs
INFO: [runtcl-4] Executing : report_incremental_reuse -file au_top_0_incremental_reuse_routed.rpt
INFO: [Vivado_Tcl 4-1062] Incremental flow is disabled. No incremental reuse Info to report.
INFO: [runtcl-4] Executing : report_clock_utilization -file au_top_0_clock_utilization_routed.rpt
INFO: [runtcl-4] Executing : report_bus_skew -warn_on_violation -file au_top_0_bus_skew_routed.rpt -pb au_top_0_bus_skew_routed.pb -rpx au_top_0_bus_skew_routed.rpx
INFO: [Timing 38-91] UpdateTimingParams: Speed grade: -1, Delay Type: min_max.
INFO: [Timing 38-191] Multithreading enabled for timing update using a maximum of 2 CPUs
Command: write_bitstream -force au_top_0.bit -bin_file
Attempting to get a license for feature 'Implementation' and/or device 'xc7a35t'
INFO: [Common 17-349] Got license for feature 'Implementation' and/or device 'xc7a35t'
Running DRC as a precondition to command write_bitstream
INFO: [IP_Flow 19-1839] IP Catalog is up to date.
INFO: [DRC 23-27] Running DRC with 2 threads
WARNING: [DRC DPIP-1] Input pipelining: DSP fsmchecker/alu_system/c0 input fsmchecker/alu_system/c0/A[29:0] is not pipelined. Pipelining DSP48 input will improve performance.
WARNING: [DRC DPIP-1] Input pipelining: DSP fsmchecker/alu_system/c0 input fsmchecker/alu_system/c0/B[17:0] is not pipelined. Pipelining DSP48 input will improve performance.
WARNING: [DRC DPOP-1] PREG Output pipelining: DSP fsmchecker/alu_system/c0 output fsmchecker/alu_system/c0/P[47:0] is not pipelined (PREG=0). Pipelining the DSP48 output will improve performance and often saves power so it is suggested whenever possible to fully pipeline this function.  If this DSP48 function was inferred, it is suggested to describe an additional register stage after this function.  If the DSP48 was instantiated in the design, it is suggested to set the PREG attribute to 1.
WARNING: [DRC DPOP-2] MREG Output pipelining: DSP fsmchecker/alu_system/c0 multiplier stage fsmchecker/alu_system/c0/P[47:0] is not pipelined (MREG=0). Pipelining the multiplier function will improve performance and will save significant power so it is suggested whenever possible to fully pipeline this function.  If this multiplier was inferred, it is suggested to describe an additional register stage after this function.  If there is no registered adder/accumulator following the multiply function, two pipeline stages are suggested to allow both the MREG and PREG registers to be used.  If the DSP48 was instantiated in the design, it is suggested to set both the MREG and PREG attributes to 1 when performing multiply functions.
INFO: [Vivado 12-3199] DRC finished with 0 Errors, 4 Warnings
INFO: [Vivado 12-3200] Please refer to the DRC report (report_drc) for more information.
INFO: [Designutils 20-2272] Running write_bitstream with 2 threads.
Loading data files...
Loading site data...
Loading route data...
Processing options...
Creating bitmap...
Creating bitstream...
Bitstream compression saved 14630112 bits.
Writing bitstream ./au_top_0.bit...
Writing bitstream ./au_top_0.bin...
INFO: [Vivado 12-1842] Bitgen Completed Successfully.
INFO: [Project 1-120] WebTalk data collection is mandatory when using a WebPACK part without a full Vivado license. To see the specific WebTalk data collected for your design, open the usage_statistics_webtalk.html or usage_statistics_webtalk.xml file in the implementation directory.
INFO: [Common 17-186] 'C:/Users/royde/AlchitryProjects/1d_alu_checkoff/work/vivado/1d_alu_checkoff/1d_alu_checkoff.runs/impl_1/usage_statistics_webtalk.xml' has been successfully sent to Xilinx on Tue Mar 15 21:18:29 2022. For additional details about this file, please refer to the WebTalk help file at C:/Vivado/2020.2/doc/webtalk_introduction.html.
INFO: [Common 17-83] Releasing license: Implementation
13 Infos, 4 Warnings, 0 Critical Warnings and 0 Errors encountered.
write_bitstream completed successfully
write_bitstream: Time (s): cpu = 00:00:10 ; elapsed = 00:00:13 . Memory (MB): peak = 2009.453 ; gain = 435.082
INFO: [Common 17-206] Exiting Vivado at Tue Mar 15 21:18:29 2022...
[Tue Mar 15 21:18:32 2022] impl_1 finished
wait_on_run: Time (s): cpu = 00:00:00 ; elapsed = 00:01:11 . Memory (MB): peak = 986.078 ; gain = 0.000
INFO: [Common 17-206] Exiting Vivado at Tue Mar 15 21:18:33 2022...
Vivado exited.

Finished building project.
